Токенизируем фразы
Токенизация завершена

======== Эпоха 1 / 4 ========
Обучение...
  Батч    50  из    621.    Затраченное время: 0:24:14.
  Батч   100  из    621.    Затраченное время: 0:48:23.
  Батч   150  из    621.    Затраченное время: 1:12:32.
  Батч   200  из    621.    Затраченное время: 1:36:42.
  Батч   250  из    621.    Затраченное время: 2:00:51.
  Батч   300  из    621.    Затраченное время: 2:25:01.
  Батч   350  из    621.    Затраченное время: 2:49:10.
  Батч   400  из    621.    Затраченное время: 3:13:20.
  Батч   450  из    621.    Затраченное время: 3:37:29.
  Батч   500  из    621.    Затраченное время: 4:01:38.
  Батч   550  из    621.    Затраченное время: 4:25:47.
  Батч   600  из    621.    Затраченное время: 4:49:57.

  Средняя обучающая потеря: 0.58
  Эпоха обучения заняла: 4:59:42

 Запуск валидации...
  Точность: 0.78
  Потери валидации: 0.46
  Валидация заняла: 0:40:46
saving model to ./model_save//model_epoch_0
saving tokemizer to ./model_save//tokemizer_epoch_0

======== Эпоха 2 / 4 ========
Обучение...
  Батч    50  из    621.    Затраченное время: 0:24:10.
  Батч   100  из    621.    Затраченное время: 0:48:19.
  Батч   150  из    621.    Затраченное время: 1:12:29.
  Батч   200  из    621.    Затраченное время: 1:36:38.
  Батч   250  из    621.    Затраченное время: 2:00:48.
  Батч   300  из    621.    Затраченное время: 2:24:57.
  Батч   350  из    621.    Затраченное время: 2:49:06.
  Батч   400  из    621.    Затраченное время: 3:13:16.
  Батч   450  из    621.    Затраченное время: 3:37:25.
  Батч   500  из    621.    Затраченное время: 4:01:34.
  Батч   550  из    621.    Затраченное время: 4:25:43.
  Батч   600  из    621.    Затраченное время: 4:49:52.

  Средняя обучающая потеря: 0.31
  Эпоха обучения заняла: 4:59:37

 Запуск валидации...
  Точность: 0.85
  Потери валидации: 0.36
  Валидация заняла: 0:40:43
saving model to ./model_save//model_epoch_1
saving tokemizer to ./model_save//tokemizer_epoch_1

======== Эпоха 3 / 4 ========
Обучение...
  Батч    50  из    621.    Затраченное время: 0:24:09.
  Батч   100  из    621.    Затраченное время: 0:48:18.
  Батч   150  из    621.    Затраченное время: 1:12:27.
  Батч   200  из    621.    Затраченное время: 1:36:36.
  Батч   250  из    621.    Затраченное время: 2:00:44.
  Батч   300  из    621.    Затраченное время: 2:24:53.
  Батч   350  из    621.    Затраченное время: 2:49:02.
  Батч   400  из    621.    Затраченное время: 3:13:10.
  Батч   450  из    621.    Затраченное время: 3:37:19.
  Батч   500  из    621.    Затраченное время: 4:01:28.
  Батч   550  из    621.    Затраченное время: 4:25:37.
  Батч   600  из    621.    Затраченное время: 4:49:47.

  Средняя обучающая потеря: 0.13
  Эпоха обучения заняла: 4:59:32

 Запуск валидации...
  Точность: 0.88
  Потери валидации: 0.36
  Валидация заняла: 0:40:47
saving model to ./model_save//model_epoch_2
saving tokemizer to ./model_save//tokemizer_epoch_2

======== Эпоха 4 / 4 ========
Обучение...
  Батч    50  из    621.    Затраченное время: 0:24:09.
  Батч   100  из    621.    Затраченное время: 0:48:18.
  Батч   150  из    621.    Затраченное время: 1:12:27.
  Батч   200  из    621.    Затраченное время: 1:36:35.
  Батч   250  из    621.    Затраченное время: 2:00:44.
  Батч   300  из    621.    Затраченное время: 2:24:53.
  Батч   350  из    621.    Затраченное время: 2:49:01.
  Батч   400  из    621.    Затраченное время: 3:13:10.
  Батч   450  из    621.    Затраченное время: 3:37:19.
  Батч   500  из    621.    Затраченное время: 4:01:28.
  Батч   550  из    621.    Затраченное время: 4:25:37.
  Батч   600  из    621.    Затраченное время: 4:49:46.

  Средняя обучающая потеря: 0.05
  Эпоха обучения заняла: 4:59:32

 Запуск валидации...
  Точность: 0.88
  Потери валидации: 0.45
  Валидация заняла: 0:40:46
saving model to ./model_save//model_epoch_3
saving tokemizer to ./model_save//tokemizer_epoch_3

 Обучение завершено!
     Всего обучение заняло 22:41:31 (ч:м:с)
Прогноз меток для 18,892 тестовых предложений...
 ГОТОВО.
Запись предсказанных значений в файл RUSSE.jsonl
 ГОТОВО.
