treshold: 100, bs: 32, lr: 0.0002, eps: 1e-08, embsize: 256
epoch 1
train_loss 2.05
accuracy 0.46
val_loss 1.94
epoch 2
train_loss 1.93
accuracy 0.46
val_loss 1.90
epoch 3
train_loss 1.93
accuracy 0.46
val_loss 1.89
epoch 4
train_loss 1.89
accuracy 0.46
val_loss 1.88
treshold: 50, bs: 32, lr: 2e-05, eps: 1e-07, embsize: 128
epoch 1
train_loss 3.26
accuracy 0.42
val_loss 2.67
epoch 2
train_loss 2.41
accuracy 0.57
val_loss 2.11
epoch 3
train_loss 1.93
accuracy 0.59
val_loss 1.86
epoch 4
train_loss 1.69
accuracy 0.61
val_loss 1.80
treshold: 50, bs: 16, lr: 2e-05, eps: 1e-07, embsize: 128
epoch 1
train_loss 3.28
accuracy 0.37
val_loss 2.76
epoch 2
train_loss 2.43
accuracy 0.54
val_loss 2.14
epoch 3
train_loss 1.94
accuracy 0.62
val_loss 1.84
epoch 4
train_loss 1.71
accuracy 0.63
val_loss 1.76
treshold: 100, bs: 16, lr: 2e-05, eps: 1e-08, embsize: 256
epoch 1
train_loss 2.27
accuracy 0.62
val_loss 1.63
epoch 2
train_loss 1.31
accuracy 0.73
val_loss 1.20
epoch 3
train_loss 0.94
accuracy 0.74
val_loss 1.09
epoch 4
train_loss 0.79
accuracy 0.75
val_loss 1.06
treshold: 100, bs: 32, lr: 2e-05, eps: 1e-07, embsize: 256
epoch 1
train_loss 2.34
accuracy 0.56
val_loss 1.70
epoch 2
train_loss 1.39
accuracy 0.71
val_loss 1.24
epoch 3
train_loss 1.02
accuracy 0.74
val_loss 1.07
epoch 4
train_loss 0.85
accuracy 0.73
val_loss 1.03
treshold: 50, bs: 16, lr: 2e-05, eps: 1e-08, embsize: 256
epoch 1
train_loss 3.27
accuracy 0.39
val_loss 2.65
epoch 2
train_loss 2.41
accuracy 0.54
val_loss 2.13
epoch 3
train_loss 1.95
accuracy 0.61
val_loss 1.92
epoch 4
train_loss 1.71
accuracy 0.62
val_loss 1.83
treshold: 100, bs: 32, lr: 2e-05, eps: 1e-08, embsize: 256
epoch 1
train_loss 2.29
accuracy 0.62
val_loss 1.52
epoch 2
train_loss 1.33
accuracy 0.74
val_loss 1.09
epoch 3
train_loss 0.97
accuracy 0.76
val_loss 0.98
epoch 4
train_loss 0.81
accuracy 0.77
val_loss 0.96
treshold: 100, bs: 16, lr: 0.0002, eps: 1e-08, embsize: 256
epoch 1
train_loss 1.97
accuracy 0.55
val_loss 1.66
epoch 2
train_loss 1.44
accuracy 0.64
val_loss 1.28
epoch 3
train_loss 0.91
accuracy 0.72
val_loss 0.97
epoch 4
train_loss 0.59
accuracy 0.75
val_loss 0.91
treshold: 100, bs: 32, lr: 2e-05, eps: 1e-07, embsize: 128
epoch 1
train_loss 2.28
accuracy 0.63
val_loss 1.59
epoch 2
train_loss 1.34
accuracy 0.70
val_loss 1.17
epoch 3
train_loss 0.99
accuracy 0.73
val_loss 1.05
epoch 4
train_loss 0.84
accuracy 0.75
val_loss 1.02
treshold: 50, bs: 16, lr: 2e-05, eps: 1e-07, embsize: 256
epoch 1
train_loss 3.29
accuracy 0.38
val_loss 2.74
epoch 2
train_loss 2.44
accuracy 0.56
val_loss 2.16
epoch 3
train_loss 1.97
accuracy 0.60
val_loss 1.91
epoch 4
train_loss 1.73
accuracy 0.61
val_loss 1.84
treshold: 100, bs: 32, lr: 0.0002, eps: 1e-07, embsize: 128
epoch 1
train_loss 2.16
accuracy 0.49
val_loss 1.93
epoch 2
train_loss 2.05
accuracy 0.49
val_loss 1.93
epoch 3
train_loss 2.04
accuracy 0.49
val_loss 1.94
epoch 4
train_loss 2.04
accuracy 0.49
val_loss 1.92
treshold: 100, bs: 16, lr: 0.0002, eps: 1e-07, embsize: 256
epoch 1
train_loss 1.82
accuracy 0.64
val_loss 1.28
epoch 2
train_loss 0.99
accuracy 0.74
val_loss 0.91
epoch 3
train_loss 0.60
accuracy 0.75
val_loss 0.90
epoch 4
train_loss 0.34
accuracy 0.77
val_loss 0.89
treshold: 50, bs: 32, lr: 2e-05, eps: 1e-08, embsize: 256
epoch 1
train_loss 3.30
accuracy 0.40
val_loss 2.64
epoch 2
train_loss 2.40
accuracy 0.56
val_loss 2.09
epoch 3
train_loss 1.89
accuracy 0.61
val_loss 1.84
epoch 4
train_loss 1.66
accuracy 0.62
val_loss 1.78
treshold: 50, bs: 32, lr: 0.0002, eps: 1e-07, embsize: 256
epoch 1
train_loss 3.04
accuracy 0.31
val_loss 2.64
epoch 2
train_loss 2.36
accuracy 0.51
val_loss 1.96
epoch 3
train_loss 1.54
accuracy 0.62
val_loss 1.53
epoch 4
train_loss 1.03
accuracy 0.64
val_loss 1.43
treshold: 50, bs: 16, lr: 0.0002, eps: 1e-07, embsize: 256
epoch 1
train_loss 2.84
accuracy 0.40
val_loss 2.31
epoch 2
train_loss 1.84
accuracy 0.62
val_loss 1.54
epoch 3
train_loss 1.17
accuracy 0.71
val_loss 1.23
epoch 4
train_loss 0.73
accuracy 0.74
val_loss 1.15
treshold: 50, bs: 16, lr: 0.0002, eps: 1e-08, embsize: 256
epoch 1
train_loss 2.92
accuracy 0.40
val_loss 2.45
epoch 2
train_loss 1.91
accuracy 0.60
val_loss 1.62
epoch 3
train_loss 1.20
accuracy 0.65
val_loss 1.36
epoch 4
train_loss 0.78
accuracy 0.68
val_loss 1.26
treshold: 100, bs: 16, lr: 2e-05, eps: 1e-07, embsize: 256
epoch 1
train_loss 2.30
accuracy 0.57
val_loss 1.73
epoch 2
train_loss 1.36
accuracy 0.70
val_loss 1.28
epoch 3
train_loss 1.00
accuracy 0.71
val_loss 1.13
epoch 4
train_loss 0.84
accuracy 0.72
val_loss 1.11
treshold: 50, bs: 32, lr: 0.0002, eps: 1e-07, embsize: 128
epoch 1
train_loss 2.92
accuracy 0.42
val_loss 2.30
epoch 2
train_loss 1.86
accuracy 0.64
val_loss 1.44
epoch 3
train_loss 1.13
accuracy 0.70
val_loss 1.28
epoch 4
train_loss 0.70
accuracy 0.73
val_loss 1.16
treshold: 100, bs: 16, lr: 0.0002, eps: 1e-08, embsize: 128
epoch 1
train_loss 1.79
accuracy 0.66
val_loss 1.28
epoch 2
train_loss 1.05
accuracy 0.77
val_loss 0.89
epoch 3
train_loss 0.64
accuracy 0.77
val_loss 0.85
epoch 4
train_loss 0.39
accuracy 0.80
val_loss 0.84
treshold: 100, bs: 16, lr: 0.0002, eps: 1e-07, embsize: 128
epoch 1
train_loss 1.71
accuracy 0.66
val_loss 1.21
epoch 2
train_loss 0.94
accuracy 0.68
val_loss 0.96
epoch 3
train_loss 0.58
accuracy 0.77
val_loss 0.79
epoch 4
train_loss 0.33
accuracy 0.78
val_loss 0.79
treshold: 100, bs: 32, lr: 2e-05, eps: 1e-08, embsize: 128
epoch 1
train_loss 2.28
accuracy 0.58
val_loss 1.65
epoch 2
train_loss 1.31
accuracy 0.70
val_loss 1.21
epoch 3
train_loss 0.96
accuracy 0.74
val_loss 1.07
epoch 4
train_loss 0.80
accuracy 0.73
val_loss 1.05
treshold: 100, bs: 16, lr: 2e-05, eps: 1e-07, embsize: 128
epoch 1
train_loss 2.27
accuracy 0.62
val_loss 1.54
epoch 2
train_loss 1.31
accuracy 0.73
val_loss 1.11
epoch 3
train_loss 0.95
accuracy 0.76
val_loss 0.99
epoch 4
train_loss 0.78
accuracy 0.76
val_loss 0.97
treshold: 100, bs: 16, lr: 2e-05, eps: 1e-08, embsize: 128
epoch 1
train_loss 2.32
accuracy 0.60
val_loss 1.58
epoch 2
train_loss 1.36
accuracy 0.74
val_loss 1.12
epoch 3
train_loss 0.99
accuracy 0.76
val_loss 0.96
epoch 4
train_loss 0.82
accuracy 0.77
val_loss 0.95
treshold: 50, bs: 32, lr: 2e-05, eps: 1e-07, embsize: 256
epoch 1
train_loss 3.25
accuracy 0.33
val_loss 2.80
epoch 2
train_loss 2.41
accuracy 0.53
val_loss 2.21
epoch 3
train_loss 1.94
accuracy 0.59
val_loss 1.96
epoch 4
train_loss 1.71
accuracy 0.61
val_loss 1.91
treshold: 50, bs: 32, lr: 2e-05, eps: 1e-08, embsize: 128
epoch 1
train_loss 3.30
accuracy 0.35
val_loss 2.82
epoch 2
train_loss 2.43
accuracy 0.52
val_loss 2.22
epoch 3
train_loss 1.95
accuracy 0.60
val_loss 1.93
epoch 4
train_loss 1.72
accuracy 0.60
val_loss 1.86
treshold: 50, bs: 16, lr: 0.0002, eps: 1e-07, embsize: 128
epoch 1
train_loss 2.59
accuracy 0.52
val_loss 1.94
epoch 2
train_loss 1.46
accuracy 0.66
val_loss 1.36
epoch 3
train_loss 0.89
accuracy 0.70
val_loss 1.16
epoch 4
train_loss 0.52
accuracy 0.71
val_loss 1.18
treshold: 100, bs: 32, lr: 0.0002, eps: 1e-08, embsize: 128
epoch 1
train_loss 1.62
accuracy 0.67
val_loss 1.17
epoch 2
train_loss 0.95
accuracy 0.72
val_loss 0.96
epoch 3
train_loss 0.64
accuracy 0.76
val_loss 0.87
epoch 4
train_loss 0.37
accuracy 0.78
val_loss 0.89
treshold: 100, bs: 32, lr: 0.0002, eps: 1e-07, embsize: 256
epoch 1
train_loss 1.74
accuracy 0.66
val_loss 1.16
epoch 2
train_loss 0.96
accuracy 0.73
val_loss 0.94
epoch 3
train_loss 0.63
accuracy 0.77
val_loss 0.87
epoch 4
train_loss 0.39
accuracy 0.78
val_loss 0.86
treshold: 50, bs: 32, lr: 0.0002, eps: 1e-08, embsize: 256
epoch 1
train_loss 3.02
accuracy 0.32
val_loss 2.71
epoch 2
train_loss 3.08
accuracy 0.29
val_loss 3.00
epoch 3
train_loss 3.09
accuracy 0.29
val_loss 3.01
epoch 4
train_loss 3.06
accuracy 0.28
val_loss 3.02
treshold: 50, bs: 32, lr: 0.0002, eps: 1e-08, embsize: 128
epoch 1
train_loss 2.72
accuracy 0.46
val_loss 2.18
epoch 2
train_loss 1.65
accuracy 0.65
val_loss 1.44
epoch 3
train_loss 0.98
accuracy 0.73
val_loss 1.13
epoch 4
train_loss 0.56
accuracy 0.74
val_loss 1.12
treshold: 50, bs: 16, lr: 2e-05, eps: 1e-08, embsize: 128
epoch 1
train_loss 3.32
accuracy 0.35
val_loss 2.72
epoch 2
train_loss 2.46
accuracy 0.50
val_loss 2.16
epoch 3
train_loss 1.97
accuracy 0.59
val_loss 1.90
epoch 4
train_loss 1.72
accuracy 0.61
val_loss 1.83
treshold: 50, bs: 16, lr: 0.0002, eps: 1e-08, embsize: 128
epoch 1
train_loss 3.02
accuracy 0.29
val_loss 2.77
epoch 2
train_loss 2.33
accuracy 0.49
val_loss 2.04
epoch 3
train_loss 1.51
accuracy 0.63
val_loss 1.48
epoch 4
train_loss 1.00
accuracy 0.67
val_loss 1.34
